<?xml version="1.0" encoding="UTF-8"?>
<!-- Generated by org.testng.reporters.JUnitReportReporter -->
<testsuite hostname="Tejass-MacBook-Pro-2.local" failures="0" tests="1" name="com.blick.test.BlickSearchTest" time="7.451" errors="0" timestamp="26 Jan 2021 00:23:29 GMT" skipped="0">
  <testcase classname="com.blick.test.BlickSearchTest" name="searchTest" time="7.451"/>
</testsuite> <!-- com.blick.test.BlickSearchTest -->
