<?xml version="1.0" encoding="UTF-8"?>
<!-- Generated by org.testng.reporters.JUnitReportReporter -->
<testsuite hostname="Tejass-MacBook-Pro-2.local" failures="0" tests="1" name="com.blick.test.BlickSignInTest" time="6.485" errors="0" timestamp="26 Jan 2021 00:54:00 GMT" skipped="0">
  <testcase classname="com.blick.test.BlickSignInTest" name="signInTest" time="6.485"/>
</testsuite> <!-- com.blick.test.BlickSignInTest -->
