<?xml version="1.0" encoding="UTF-8"?>
<!-- Generated by org.testng.reporters.JUnitReportReporter -->
<testsuite hostname="Tejass-MacBook-Pro-2.local" failures="0" tests="1" name="com.blick.test.BlickCreateAccountTest" time="8.140" errors="0" timestamp="26 Jan 2021 00:38:19 GMT" skipped="0">
  <testcase classname="com.blick.test.BlickCreateAccountTest" name="createAccountTest" time="8.140"/>
</testsuite> <!-- com.blick.test.BlickCreateAccountTest -->
